<?xml version="1.0" encoding="UTF-8"?>
<!-- Generated by org.testng.reporters.JUnitReportReporter -->
<testsuite skipped="0" hostname="anhtl" name="TestCase.Assignment02" tests="2" failures="0" timestamp="09 Oct 2018 04:11:39 GMT" time="28.422" errors="0">
  <testcase name="SignIn" time="7.356" classname="TestCase.Assignment02"/>
  <testcase name="Search" time="21.066" classname="TestCase.Assignment02"/>
</testsuite> <!-- TestCase.Assignment02 -->
