<?xml version="1.0" encoding="UTF-8"?>
<!-- Generated by org.testng.reporters.JUnitReportReporter -->
<testsuite skipped="0" hostname="anhtl" name="TestCase.Assignment01" tests="2" failures="0" timestamp="09 Oct 2018 04:10:01 GMT" time="26.108" errors="0">
  <testcase name="SignIn" time="7.328" classname="TestCase.Assignment01"/>
  <testcase name="Search" time="18.780" classname="TestCase.Assignment01"/>
</testsuite> <!-- TestCase.Assignment01 -->
