<?xml version="1.0" encoding="UTF-8"?>
<!-- Generated by org.testng.reporters.JUnitReportReporter -->
<testsuite skipped="0" hostname="anhtl" name="TestCase.Assignment03" tests="1" failures="0" timestamp="09 Oct 2018 04:04:21 GMT" time="38.874" errors="0">
  <testcase name="SignIn" time="38.874" classname="TestCase.Assignment03"/>
</testsuite> <!-- TestCase.Assignment03 -->
