<?xml version="1.0" encoding="UTF-8"?>
<!-- Generated by org.testng.reporters.JUnitReportReporter -->
<testsuite skipped="0" hostname="anhtl" name="TestCase.TestNG" tests="2" failures="0" timestamp="09 Oct 2018 03:56:12 GMT" time="28.446" errors="0">
  <testcase name="SignIn" time="7.437" classname="TestCase.TestNG"/>
  <testcase name="Search" time="21.009" classname="TestCase.TestNG"/>
</testsuite> <!-- TestCase.TestNG -->
